This is pdfTeX, Version 3.14159265-2.6-1.40.21 (TeX Live 2020) (preloaded format=pdflatex 2020.4.30)  13 JUN 2020 14:38
entering extended mode
 restricted \write18 enabled.
 file:line:error style messages enabled.
 %&-line parsing enabled.
**"/Users/serenechongtrakul/Documents/University/Third Year/Individual Project/Final Report/main.tex"
(/Users/serenechongtrakul/Documents/University/Third Year/Individual Project/Final Report/main.tex
LaTeX2e <2020-02-02> patch level 5
L3 programming layer <2020-03-06> (/usr/local/texlive/2020basic/texmf-dist/tex/latex/base/article.cls
Document Class: article 2019/12/20 v1.4l Standard LaTeX document class
(/usr/local/texlive/2020basic/texmf-dist/tex/latex/base/size12.clo
File: size12.clo 2019/12/20 v1.4l Standard LaTeX file (size option)
)
\c@part=\count167
\c@section=\count168
\c@subsection=\count169
\c@subsubsection=\count170
\c@paragraph=\count171
\c@subparagraph=\count172
\c@figure=\count173
\c@table=\count174
\abovecaptionskip=\skip47
\belowcaptionskip=\skip48
\bibindent=\dimen134
) (/usr/local/texlive/2020basic/texmf-dist/tex/latex/base/inputenc.sty
Package: inputenc 2018/08/11 v1.3c Input encoding file
\inpenc@prehook=\toks15
\inpenc@posthook=\toks16
)

! LaTeX Error: File `roboto.sty' not found.

Type X to quit or <RETURN> to proceed,
or enter new name. (Default extension: sty)

Enter file name: 
/Users/serenechongtrakul/Documents/University/Third Year/Individual Project/Final Report/main.tex:4: Emergency stop.
<read *> 
         
l.4 \usepackage
               {amsmath}^^M
*** (cannot \read from terminal in nonstop modes)

 
Here is how much of TeX's memory you used:
 239 strings out of 482056
 3259 string characters out of 5937675
 235851 words of memory out of 5000000
 16007 multiletter control sequences out of 15000+600000
 532636 words of font info for 25 fonts, out of 8000000 for 9000
 319 hyphenation exceptions out of 8191
 24i,0n,21p,239b,36s stack positions out of 5000i,500n,10000p,200000b,80000s
/Users/serenechongtrakul/Documents/University/Third Year/Individual Project/Final Report/main.tex:4:  ==> Fatal error occurred, no output PDF file produced!
